/home/users/zhangyunsheng/sonata/quant/utils/../../conf/trader/ht.json
[2016-05-24 13:10:00.845086] DEBUG: helpers.pyc: java detect result: java version "1.6.0_45"
Java(TM) SE Runtime Environment (build 1.6.0_45-b06)
Java HotSpot(TM) 64-Bit Server VM (build 20.45-b01, mixed mode)
[2016-05-24 13:10:00.984590] DEBUG: helpers.pyc: recognize output: file=/tmp/vcode
code=g56v
[2016-05-24 13:10:03.242034] DEBUG: helpers.pyc: java detect result: java version "1.6.0_45"
Java(TM) SE Runtime Environment (build 1.6.0_45-b06)
Java HotSpot(TM) 64-Bit Server VM (build 20.45-b01, mixed mode)
[2016-05-24 13:10:03.618152] DEBUG: helpers.pyc: recognize output: file=/tmp/vcode
code=AriA
[2016-05-24 13:10:05.934212] DEBUG: helpers.pyc: java detect result: java version "1.6.0_45"
Java(TM) SE Runtime Environment (build 1.6.0_45-b06)
Java HotSpot(TM) 64-Bit Server VM (build 20.45-b01, mixed mode)
[2016-05-24 13:10:06.071102] DEBUG: helpers.pyc: recognize output: file=/tmp/vcode
code=3v49
[2016-05-24 13:10:08.313448] DEBUG: helpers.pyc: java detect result: java version "1.6.0_45"
Java(TM) SE Runtime Environment (build 1.6.0_45-b06)
Java HotSpot(TM) 64-Bit Server VM (build 20.45-b01, mixed mode)
[2016-05-24 13:10:08.450162] DEBUG: helpers.pyc: recognize output: file=/tmp/vcode
code=xS4x
[{u'enable_balance': 51.19, u'money_name': u'\u4eba\u6c11\u5e01', u'current_balance': 51.12, u'asset_balance': 2051.21, u'market_value': 0.0, u'fetch_balance': 51.12, u'money_type': u'0'}]
enable_balance:51.19
money_name:人民币
current_balance:51.12
asset_balance:2051.21
market_value:0.0
fetch_balance:51.12
money_type:0
